  GlobalVariable.cpp
  Player.cpp
D:\CppLearning\SimpleRPG\SimpleRPG\GlobalVariable.h(9,8): error C4430: 遺漏類型規範 - 假設為 int。注意: C++ 不支援 default-int
  (編譯來源檔案 'Player.cpp')
  
D:\CppLearning\SimpleRPG\SimpleRPG\GlobalVariable.h(9,15): error C2146: 語法錯誤: 遺漏 ';' (在識別項 'player' 之前)
  (編譯來源檔案 'Player.cpp')
  
D:\CppLearning\SimpleRPG\SimpleRPG\Player.cpp(5,1): error C4430: 遺漏類型規範 - 假設為 int。注意: C++ 不支援 default-int
D:\CppLearning\SimpleRPG\SimpleRPG\Player.cpp(5,8): error C2146: 語法錯誤: 遺漏 ';' (在識別項 'createWarrior' 之前)
D:\CppLearning\SimpleRPG\SimpleRPG\Player.cpp(5,24): error C2143: 語法錯誤: 遺漏 ';' (在 '{' 之前)
D:\CppLearning\SimpleRPG\SimpleRPG\Player.cpp(5,24): error C2447: '{': 遺漏函式標頭 (舊樣式型式清單?)
D:\CppLearning\SimpleRPG\SimpleRPG\Player.cpp(13,1): error C4430: 遺漏類型規範 - 假設為 int。注意: C++ 不支援 default-int
D:\CppLearning\SimpleRPG\SimpleRPG\Player.cpp(13,1): error C2086: 'int Player': 重複定義
      D:\CppLearning\SimpleRPG\SimpleRPG\Player.cpp(5,1):
      請參閱 'Player' 的宣告
  
D:\CppLearning\SimpleRPG\SimpleRPG\Player.cpp(13,8): error C2146: 語法錯誤: 遺漏 ';' (在識別項 'createPaladin' 之前)
D:\CppLearning\SimpleRPG\SimpleRPG\Player.cpp(13,24): error C2143: 語法錯誤: 遺漏 ';' (在 '{' 之前)
D:\CppLearning\SimpleRPG\SimpleRPG\Player.cpp(13,24): error C2447: '{': 遺漏函式標頭 (舊樣式型式清單?)
D:\CppLearning\SimpleRPG\SimpleRPG\Player.cpp(21,1): error C4430: 遺漏類型規範 - 假設為 int。注意: C++ 不支援 default-int
D:\CppLearning\SimpleRPG\SimpleRPG\Player.cpp(21,1): error C2086: 'int Player': 重複定義
      D:\CppLearning\SimpleRPG\SimpleRPG\Player.cpp(13,1):
      請參閱 'Player' 的宣告
  
D:\CppLearning\SimpleRPG\SimpleRPG\Player.cpp(21,8): error C2146: 語法錯誤: 遺漏 ';' (在識別項 'createArcher' 之前)
D:\CppLearning\SimpleRPG\SimpleRPG\Player.cpp(21,23): error C2143: 語法錯誤: 遺漏 ';' (在 '{' 之前)
D:\CppLearning\SimpleRPG\SimpleRPG\Player.cpp(21,23): error C2447: '{': 遺漏函式標頭 (舊樣式型式清單?)
D:\CppLearning\SimpleRPG\SimpleRPG\Player.cpp(33,5): error C2065: 'player': 未宣告的識別項
D:\CppLearning\SimpleRPG\SimpleRPG\Player.cpp(35,5): error C2065: 'player': 未宣告的識別項
D:\CppLearning\SimpleRPG\SimpleRPG\Player.cpp(36,34): error C2065: 'player': 未宣告的識別項
D:\CppLearning\SimpleRPG\SimpleRPG\Player.cpp(42,25): error C3861: 'createWarrior': 找不到識別項
D:\CppLearning\SimpleRPG\SimpleRPG\Player.cpp(42,63): error C3861: 'createWarrior': 找不到識別項
D:\CppLearning\SimpleRPG\SimpleRPG\Player.cpp(42,112): error C3861: 'createWarrior': 找不到識別項
D:\CppLearning\SimpleRPG\SimpleRPG\Player.cpp(42,166): error C3861: 'createWarrior': 找不到識別項
D:\CppLearning\SimpleRPG\SimpleRPG\Player.cpp(42,218): error C3861: 'createWarrior': 找不到識別項
D:\CppLearning\SimpleRPG\SimpleRPG\Player.cpp(43,25): error C3861: 'createPaladin': 找不到識別項
D:\CppLearning\SimpleRPG\SimpleRPG\Player.cpp(43,63): error C3861: 'createPaladin': 找不到識別項
D:\CppLearning\SimpleRPG\SimpleRPG\Player.cpp(43,112): error C3861: 'createPaladin': 找不到識別項
D:\CppLearning\SimpleRPG\SimpleRPG\Player.cpp(43,166): error C3861: 'createPaladin': 找不到識別項
D:\CppLearning\SimpleRPG\SimpleRPG\Player.cpp(43,218): error C3861: 'createPaladin': 找不到識別項
D:\CppLearning\SimpleRPG\SimpleRPG\Player.cpp(44,25): error C3861: 'createArcher': 找不到識別項
D:\CppLearning\SimpleRPG\SimpleRPG\Player.cpp(44,62): error C3861: 'createArcher': 找不到識別項
D:\CppLearning\SimpleRPG\SimpleRPG\Player.cpp(44,110): error C3861: 'createArcher': 找不到識別項
D:\CppLearning\SimpleRPG\SimpleRPG\Player.cpp(44,163): error C3861: 'createArcher': 找不到識別項
D:\CppLearning\SimpleRPG\SimpleRPG\Player.cpp(44,214): error C3861: 'createArcher': 找不到識別項
D:\CppLearning\SimpleRPG\SimpleRPG\Player.cpp(50,13): error C2065: 'player': 未宣告的識別項
D:\CppLearning\SimpleRPG\SimpleRPG\Player.cpp(50,22): error C3861: 'createWarrior': 找不到識別項
D:\CppLearning\SimpleRPG\SimpleRPG\Player.cpp(53,13): error C2065: 'player': 未宣告的識別項
D:\CppLearning\SimpleRPG\SimpleRPG\Player.cpp(53,22): error C3861: 'createPaladin': 找不到識別項
D:\CppLearning\SimpleRPG\SimpleRPG\Player.cpp(56,13): error C2065: 'player': 未宣告的識別項
D:\CppLearning\SimpleRPG\SimpleRPG\Player.cpp(56,22): error C3861: 'createArcher': 找不到識別項
D:\CppLearning\SimpleRPG\SimpleRPG\Player.cpp(66,34): error C2065: 'player': 未宣告的識別項
D:\CppLearning\SimpleRPG\SimpleRPG\Player.cpp(66,67): error C2065: 'player': 未宣告的識別項
D:\CppLearning\SimpleRPG\SimpleRPG\Player.cpp(68,26): error C2065: 'player': 未宣告的識別項
D:\CppLearning\SimpleRPG\SimpleRPG\Player.cpp(69,29): error C2065: 'player': 未宣告的識別項
D:\CppLearning\SimpleRPG\SimpleRPG\Player.cpp(70,29): error C2065: 'player': 未宣告的識別項
D:\CppLearning\SimpleRPG\SimpleRPG\Player.cpp(71,26): error C2065: 'player': 未宣告的識別項
  SimpleRPG.cpp
D:\CppLearning\SimpleRPG\SimpleRPG\GlobalVariable.h(9,8): error C4430: 遺漏類型規範 - 假設為 int。注意: C++ 不支援 default-int
  (編譯來源檔案 'SimpleRPG.cpp')
  
D:\CppLearning\SimpleRPG\SimpleRPG\GlobalVariable.h(9,15): error C2146: 語法錯誤: 遺漏 ';' (在識別項 'player' 之前)
  (編譯來源檔案 'SimpleRPG.cpp')
  
D:\CppLearning\SimpleRPG\SimpleRPG\SimpleRPG.cpp(125,13): error C2065: 'player': 未宣告的識別項
D:\CppLearning\SimpleRPG\SimpleRPG\SimpleRPG.cpp(125,44): error C2065: 'player': 未宣告的識別項
D:\CppLearning\SimpleRPG\SimpleRPG\SimpleRPG.cpp(139,35): error C2065: 'player': 未宣告的識別項
D:\CppLearning\SimpleRPG\SimpleRPG\SimpleRPG.cpp(139,27): error C3078: 必須在沒有初始設定式的新運算式中指定陣列大小
D:\CppLearning\SimpleRPG\SimpleRPG\SimpleRPG.cpp(144,25): error C2065: 'player': 未宣告的識別項
D:\CppLearning\SimpleRPG\SimpleRPG\SimpleRPG.cpp(148,25): error C2065: 'player': 未宣告的識別項
D:\CppLearning\SimpleRPG\SimpleRPG\SimpleRPG.cpp(153,25): error C2065: 'player': 未宣告的識別項
D:\CppLearning\SimpleRPG\SimpleRPG\SimpleRPG.cpp(155,17): error C2065: 'player': 未宣告的識別項
D:\CppLearning\SimpleRPG\SimpleRPG\SimpleRPG.cpp(184,39): error C2065: 'player': 未宣告的識別項
D:\CppLearning\SimpleRPG\SimpleRPG\SimpleRPG.cpp(184,31): error C3078: 必須在沒有初始設定式的新運算式中指定陣列大小
D:\CppLearning\SimpleRPG\SimpleRPG\SimpleRPG.cpp(187,25): error C2065: 'player': 未宣告的識別項
D:\CppLearning\SimpleRPG\SimpleRPG\SimpleRPG.cpp(191,25): error C2065: 'player': 未宣告的識別項
D:\CppLearning\SimpleRPG\SimpleRPG\SimpleRPG.cpp(194,25): error C2065: 'player': 未宣告的識別項
D:\CppLearning\SimpleRPG\SimpleRPG\SimpleRPG.cpp(196,17): error C2065: 'player': 未宣告的識別項
D:\CppLearning\SimpleRPG\SimpleRPG\SimpleRPG.cpp(233,39): error C2065: 'player': 未宣告的識別項
D:\CppLearning\SimpleRPG\SimpleRPG\SimpleRPG.cpp(233,31): error C3078: 必須在沒有初始設定式的新運算式中指定陣列大小
D:\CppLearning\SimpleRPG\SimpleRPG\SimpleRPG.cpp(248,25): error C2065: 'player': 未宣告的識別項
D:\CppLearning\SimpleRPG\SimpleRPG\SimpleRPG.cpp(254,25): error C2065: 'player': 未宣告的識別項
D:\CppLearning\SimpleRPG\SimpleRPG\SimpleRPG.cpp(256,17): error C2065: 'player': 未宣告的識別項
D:\CppLearning\SimpleRPG\SimpleRPG\SimpleRPG.cpp(267,22): error C2065: 'player': 未宣告的識別項
D:\CppLearning\SimpleRPG\SimpleRPG\SimpleRPG.cpp(270,5): error C2065: 'player': 未宣告的識別項
D:\CppLearning\SimpleRPG\SimpleRPG\SimpleRPG.cpp(271,42): error C2065: 'player': 未宣告的識別項
D:\CppLearning\SimpleRPG\SimpleRPG\SimpleRPG.cpp(272,9): error C2065: 'player': 未宣告的識別項
D:\CppLearning\SimpleRPG\SimpleRPG\SimpleRPG.cpp(272,34): error C2065: 'player': 未宣告的識別項
D:\CppLearning\SimpleRPG\SimpleRPG\SimpleRPG.cpp(281,31): error C2065: 'player': 未宣告的識別項
D:\CppLearning\SimpleRPG\SimpleRPG\SimpleRPG.cpp(281,23): error C3078: 必須在沒有初始設定式的新運算式中指定陣列大小
D:\CppLearning\SimpleRPG\SimpleRPG\SimpleRPG.cpp(282,25): error C2065: 'player': 未宣告的識別項
D:\CppLearning\SimpleRPG\SimpleRPG\SimpleRPG.cpp(288,25): error C2065: 'player': 未宣告的識別項
D:\CppLearning\SimpleRPG\SimpleRPG\SimpleRPG.cpp(290,17): error C2065: 'player': 未宣告的識別項
D:\CppLearning\SimpleRPG\SimpleRPG\SimpleRPG.cpp(294,5): error C2065: 'player': 未宣告的識別項
D:\CppLearning\SimpleRPG\SimpleRPG\SimpleRPG.cpp(295,42): error C2065: 'player': 未宣告的識別項
D:\CppLearning\SimpleRPG\SimpleRPG\SimpleRPG.cpp(297,9): error C2065: 'player': 未宣告的識別項
D:\CppLearning\SimpleRPG\SimpleRPG\SimpleRPG.cpp(297,31): error C2065: 'player': 未宣告的識別項
D:\CppLearning\SimpleRPG\SimpleRPG\SimpleRPG.cpp(297,55): error C2065: 'player': 未宣告的識別項
D:\CppLearning\SimpleRPG\SimpleRPG\SimpleRPG.cpp(297,77): error C2065: 'player': 未宣告的識別項
D:\CppLearning\SimpleRPG\SimpleRPG\SimpleRPG.cpp(314,9): error C2065: 'player': 未宣告的識別項
D:\CppLearning\SimpleRPG\SimpleRPG\SimpleRPG.cpp(319,17): error C2065: 'player': 未宣告的識別項
D:\CppLearning\SimpleRPG\SimpleRPG\SimpleRPG.cpp(337,5): error C3861: 'NewGameName': 找不到識別項
D:\CppLearning\SimpleRPG\SimpleRPG\SimpleRPG.cpp(338,5): error C3861: 'ChooseClass': 找不到識別項
D:\CppLearning\SimpleRPG\SimpleRPG\SimpleRPG.cpp(339,5): error C3861: 'ConfirmNameClass': 找不到識別項
D:\CppLearning\SimpleRPG\SimpleRPG\SimpleRPG.cpp(361,21): error C2065: 'player': 未宣告的識別項
D:\CppLearning\SimpleRPG\SimpleRPG\SimpleRPG.cpp(369,21): error C2065: 'player': 未宣告的識別項
D:\CppLearning\SimpleRPG\SimpleRPG\SimpleRPG.cpp(382,21): error C2065: 'player': 未宣告的識別項
D:\CppLearning\SimpleRPG\SimpleRPG\SimpleRPG.cpp(395,21): error C2065: 'player': 未宣告的識別項
D:\CppLearning\SimpleRPG\SimpleRPG\SimpleRPG.cpp(403,21): error C2065: 'player': 未宣告的識別項
D:\CppLearning\SimpleRPG\SimpleRPG\SimpleRPG.cpp(413,40): error C2065: 'player': 未宣告的識別項
D:\CppLearning\SimpleRPG\SimpleRPG\SimpleRPG.cpp(414,34): error C2065: 'player': 未宣告的識別項
D:\CppLearning\SimpleRPG\SimpleRPG\SimpleRPG.cpp(415,34): error C2065: 'player': 未宣告的識別項
D:\CppLearning\SimpleRPG\SimpleRPG\SimpleRPG.cpp(416,37): error C2065: 'player': 未宣告的識別項
D:\CppLearning\SimpleRPG\SimpleRPG\SimpleRPG.cpp(417,37): error C2065: 'player': 未宣告的識別項
D:\CppLearning\SimpleRPG\SimpleRPG\SimpleRPG.cpp(418,34): error C2065: 'player': 未宣告的識別項
  正在產生程式碼...
